[0901/183421.641:WARNING:dns_config_service_win.cc(668)] Failed to read DnsConfig.
[0901/184440.623:WARNING:dns_config_service_win.cc(668)] Failed to read DnsConfig.
[0901/184723.612:WARNING:dns_config_service_win.cc(668)] Failed to read DnsConfig.
[0901/184725.075:WARNING:dns_config_service_win.cc(668)] Failed to read DnsConfig.
[0901/185526.595:WARNING:dns_config_service_win.cc(668)] Failed to read DnsConfig.
[0901/185531.597:WARNING:dns_config_service_win.cc(668)] Failed to read DnsConfig.
[0901/185536.603:WARNING:dns_config_service_win.cc(668)] Failed to read DnsConfig.
[0901/185541.609:WARNING:dns_config_service_win.cc(668)] Failed to read DnsConfig.
[0901/185546.611:WARNING:dns_config_service_win.cc(668)] Failed to read DnsConfig.
[0901/185546.669:WARNING:dns_config_service_win.cc(668)] Failed to read DnsConfig.
[0901/185917.291:WARNING:dns_config_service_win.cc(668)] Failed to read DnsConfig.
[0901/190419.992:WARNING:dns_config_service_win.cc(668)] Failed to read DnsConfig.
[0901/190424.994:WARNING:dns_config_service_win.cc(668)] Failed to read DnsConfig.
[0901/190429.998:WARNING:dns_config_service_win.cc(668)] Failed to read DnsConfig.
[0901/190434.999:WARNING:dns_config_service_win.cc(668)] Failed to read DnsConfig.
[0901/190440.005:WARNING:dns_config_service_win.cc(668)] Failed to read DnsConfig.
[0901/190445.010:WARNING:dns_config_service_win.cc(668)] Failed to read DnsConfig.
[0901/190450.013:WARNING:dns_config_service_win.cc(668)] Failed to read DnsConfig.
[0901/190455.017:WARNING:dns_config_service_win.cc(668)] Failed to read DnsConfig.
[0901/190500.019:WARNING:dns_config_service_win.cc(668)] Failed to read DnsConfig.
[0901/190505.021:WARNING:dns_config_service_win.cc(668)] Failed to read DnsConfig.
[0901/190510.023:WARNING:dns_config_service_win.cc(668)] Failed to read DnsConfig.
[0901/190515.026:WARNING:dns_config_service_win.cc(668)] Failed to read DnsConfig.
[0901/190520.029:WARNING:dns_config_service_win.cc(668)] Failed to read DnsConfig.
[0901/190525.035:WARNING:dns_config_service_win.cc(668)] Failed to read DnsConfig.
[0901/190530.042:WARNING:dns_config_service_win.cc(668)] Failed to read DnsConfig.
[0901/190535.048:WARNING:dns_config_service_win.cc(668)] Failed to read DnsConfig.
[0901/190540.056:WARNING:dns_config_service_win.cc(668)] Failed to read DnsConfig.
[0901/190545.064:WARNING:dns_config_service_win.cc(668)] Failed to read DnsConfig.
[0901/190550.070:WARNING:dns_config_service_win.cc(668)] Failed to read DnsConfig.
[0901/190555.074:WARNING:dns_config_service_win.cc(668)] Failed to read DnsConfig.
[0901/190600.080:WARNING:dns_config_service_win.cc(668)] Failed to read DnsConfig.
[0901/190605.084:WARNING:dns_config_service_win.cc(668)] Failed to read DnsConfig.
[0901/190607.849:WARNING:dns_config_service_win.cc(668)] Failed to read DnsConfig.
[0904/111959.210:INFO:CONSOLE(1)] "Long rAF frame-time", source: file:///C:/Program%20Files/Adobe/Adobe%20Photoshop%202020/Required/www-rich-tooltips/build/external.js (1)
[0904/111959.438:WARNING:angle_platform_impl.cc(52)] compileToBinary(230): 
C:\fakepath(69,8-58): warning X3571: pow(f, e) will not work for negative f, use abs(f) or conditionally handle negative values if you expect them
C:\fakepath(77,9-43): warning X3571: pow(f, e) will not work for negative f, use abs(f) or conditionally handle negative values if you expect them

[0904/113327.923:WARNING:dns_config_service_win.cc(668)] Failed to read DnsConfig.
[0904/113332.925:WARNING:dns_config_service_win.cc(668)] Failed to read DnsConfig.
[0904/113337.925:WARNING:dns_config_service_win.cc(668)] Failed to read DnsConfig.
[0904/113342.928:WARNING:dns_config_service_win.cc(668)] Failed to read DnsConfig.
[0904/113347.934:WARNING:dns_config_service_win.cc(668)] Failed to read DnsConfig.
[0904/113352.941:WARNING:dns_config_service_win.cc(668)] Failed to read DnsConfig.
[0904/113357.942:WARNING:dns_config_service_win.cc(668)] Failed to read DnsConfig.
[0904/113402.948:WARNING:dns_config_service_win.cc(668)] Failed to read DnsConfig.
[0904/113407.954:WARNING:dns_config_service_win.cc(668)] Failed to read DnsConfig.
[0904/113412.958:WARNING:dns_config_service_win.cc(668)] Failed to read DnsConfig.
[0904/113417.961:WARNING:dns_config_service_win.cc(668)] Failed to read DnsConfig.
[0904/113422.963:WARNING:dns_config_service_win.cc(668)] Failed to read DnsConfig.
[0904/113427.964:WARNING:dns_config_service_win.cc(668)] Failed to read DnsConfig.
[0904/113432.967:WARNING:dns_config_service_win.cc(668)] Failed to read DnsConfig.
[0904/113437.969:WARNING:dns_config_service_win.cc(668)] Failed to read DnsConfig.
[0904/113442.971:WARNING:dns_config_service_win.cc(668)] Failed to read DnsConfig.
[0904/113447.975:WARNING:dns_config_service_win.cc(668)] Failed to read DnsConfig.
[0904/113452.976:WARNING:dns_config_service_win.cc(668)] Failed to read DnsConfig.
[0904/113457.979:WARNING:dns_config_service_win.cc(668)] Failed to read DnsConfig.
[0904/113502.982:WARNING:dns_config_service_win.cc(668)] Failed to read DnsConfig.
[0904/113507.986:WARNING:dns_config_service_win.cc(668)] Failed to read DnsConfig.
[0904/113512.987:WARNING:dns_config_service_win.cc(668)] Failed to read DnsConfig.
[0904/113517.988:WARNING:dns_config_service_win.cc(668)] Failed to read DnsConfig.
[0904/113522.990:WARNING:dns_config_service_win.cc(668)] Failed to read DnsConfig.
[0904/113527.991:WARNING:dns_config_service_win.cc(668)] Failed to read DnsConfig.
[0904/113532.994:WARNING:dns_config_service_win.cc(668)] Failed to read DnsConfig.
[0904/113537.995:WARNING:dns_config_service_win.cc(668)] Failed to read DnsConfig.
[0904/113542.997:WARNING:dns_config_service_win.cc(668)] Failed to read DnsConfig.
[0904/113547.999:WARNING:dns_config_service_win.cc(668)] Failed to read DnsConfig.
[0904/113553.002:WARNING:dns_config_service_win.cc(668)] Failed to read DnsConfig.
[0904/113558.005:WARNING:dns_config_service_win.cc(668)] Failed to read DnsConfig.
[0904/113603.009:WARNING:dns_config_service_win.cc(668)] Failed to read DnsConfig.
[0904/113608.011:WARNING:dns_config_service_win.cc(668)] Failed to read DnsConfig.
[0904/113613.013:WARNING:dns_config_service_win.cc(668)] Failed to read DnsConfig.
[0904/113618.015:WARNING:dns_config_service_win.cc(668)] Failed to read DnsConfig.
[0904/113623.019:WARNING:dns_config_service_win.cc(668)] Failed to read DnsConfig.
[0904/113628.021:WARNING:dns_config_service_win.cc(668)] Failed to read DnsConfig.
[0904/113633.027:WARNING:dns_config_service_win.cc(668)] Failed to read DnsConfig.
[0904/113638.030:WARNING:dns_config_service_win.cc(668)] Failed to read DnsConfig.
[0904/113643.034:WARNING:dns_config_service_win.cc(668)] Failed to read DnsConfig.
[0904/113648.037:WARNING:dns_config_service_win.cc(668)] Failed to read DnsConfig.
[0904/113653.043:WARNING:dns_config_service_win.cc(668)] Failed to read DnsConfig.
[0904/113658.046:WARNING:dns_config_service_win.cc(668)] Failed to read DnsConfig.
[0904/113703.052:WARNING:dns_config_service_win.cc(668)] Failed to read DnsConfig.
[0904/113708.054:WARNING:dns_config_service_win.cc(668)] Failed to read DnsConfig.
[0904/113713.061:WARNING:dns_config_service_win.cc(668)] Failed to read DnsConfig.
[0904/113718.062:WARNING:dns_config_service_win.cc(668)] Failed to read DnsConfig.
[0904/113723.070:WARNING:dns_config_service_win.cc(668)] Failed to read DnsConfig.
[0904/113728.072:WARNING:dns_config_service_win.cc(668)] Failed to read DnsConfig.
[0904/113733.077:WARNING:dns_config_service_win.cc(668)] Failed to read DnsConfig.
[0904/145300.506:WARNING:dns_config_service_win.cc(668)] Failed to read DnsConfig.
[0904/145305.508:WARNING:dns_config_service_win.cc(668)] Failed to read DnsConfig.
[0904/145310.514:WARNING:dns_config_service_win.cc(668)] Failed to read DnsConfig.
[0904/145315.516:WARNING:dns_config_service_win.cc(668)] Failed to read DnsConfig.
[0904/145320.519:WARNING:dns_config_service_win.cc(668)] Failed to read DnsConfig.
[0904/145325.526:WARNING:dns_config_service_win.cc(668)] Failed to read DnsConfig.
[0904/145330.528:WARNING:dns_config_service_win.cc(668)] Failed to read DnsConfig.
[0904/145335.531:WARNING:dns_config_service_win.cc(668)] Failed to read DnsConfig.
[0904/145340.533:WARNING:dns_config_service_win.cc(668)] Failed to read DnsConfig.
[0904/145345.540:WARNING:dns_config_service_win.cc(668)] Failed to read DnsConfig.
[0904/145350.541:WARNING:dns_config_service_win.cc(668)] Failed to read DnsConfig.
[0904/145355.543:WARNING:dns_config_service_win.cc(668)] Failed to read DnsConfig.
[0904/145400.546:WARNING:dns_config_service_win.cc(668)] Failed to read DnsConfig.
[0904/145405.552:WARNING:dns_config_service_win.cc(668)] Failed to read DnsConfig.
[0904/145410.556:WARNING:dns_config_service_win.cc(668)] Failed to read DnsConfig.
[0904/145415.559:WARNING:dns_config_service_win.cc(668)] Failed to read DnsConfig.
[0904/145420.561:WARNING:dns_config_service_win.cc(668)] Failed to read DnsConfig.
[0904/145425.567:WARNING:dns_config_service_win.cc(668)] Failed to read DnsConfig.
[0904/145430.571:WARNING:dns_config_service_win.cc(668)] Failed to read DnsConfig.
[0904/145435.575:WARNING:dns_config_service_win.cc(668)] Failed to read DnsConfig.
[0904/145440.579:WARNING:dns_config_service_win.cc(668)] Failed to read DnsConfig.
[0904/145445.585:WARNING:dns_config_service_win.cc(668)] Failed to read DnsConfig.
[0904/145450.588:WARNING:dns_config_service_win.cc(668)] Failed to read DnsConfig.
[0904/145455.590:WARNING:dns_config_service_win.cc(668)] Failed to read DnsConfig.
[0904/145500.593:WARNING:dns_config_service_win.cc(668)] Failed to read DnsConfig.
[0904/145505.595:WARNING:dns_config_service_win.cc(668)] Failed to read DnsConfig.
[0904/145510.600:WARNING:dns_config_service_win.cc(668)] Failed to read DnsConfig.
[0904/145515.604:WARNING:dns_config_service_win.cc(668)] Failed to read DnsConfig.
[0904/145520.605:WARNING:dns_config_service_win.cc(668)] Failed to read DnsConfig.
[0904/145525.611:WARNING:dns_config_service_win.cc(668)] Failed to read DnsConfig.
[0904/145530.614:WARNING:dns_config_service_win.cc(668)] Failed to read DnsConfig.
[0904/145535.616:WARNING:dns_config_service_win.cc(668)] Failed to read DnsConfig.
[0904/145540.619:WARNING:dns_config_service_win.cc(668)] Failed to read DnsConfig.
[0904/145545.625:WARNING:dns_config_service_win.cc(668)] Failed to read DnsConfig.
[0904/145550.629:WARNING:dns_config_service_win.cc(668)] Failed to read DnsConfig.
[0904/145555.632:WARNING:dns_config_service_win.cc(668)] Failed to read DnsConfig.
[0904/145600.636:WARNING:dns_config_service_win.cc(668)] Failed to read DnsConfig.
[0904/145605.640:WARNING:dns_config_service_win.cc(668)] Failed to read DnsConfig.
[0904/145610.644:WARNING:dns_config_service_win.cc(668)] Failed to read DnsConfig.
[0904/145615.647:WARNING:dns_config_service_win.cc(668)] Failed to read DnsConfig.
[0904/145620.649:WARNING:dns_config_service_win.cc(668)] Failed to read DnsConfig.
[0904/145625.656:WARNING:dns_config_service_win.cc(668)] Failed to read DnsConfig.
[0904/145630.663:WARNING:dns_config_service_win.cc(668)] Failed to read DnsConfig.
[0904/145635.670:WARNING:dns_config_service_win.cc(668)] Failed to read DnsConfig.
[0904/145640.673:WARNING:dns_config_service_win.cc(668)] Failed to read DnsConfig.
[0904/145645.679:WARNING:dns_config_service_win.cc(668)] Failed to read DnsConfig.
[0904/145650.685:WARNING:dns_config_service_win.cc(668)] Failed to read DnsConfig.
[0904/145655.688:WARNING:dns_config_service_win.cc(668)] Failed to read DnsConfig.
[0904/145700.691:WARNING:dns_config_service_win.cc(668)] Failed to read DnsConfig.
[0904/145705.697:WARNING:dns_config_service_win.cc(668)] Failed to read DnsConfig.
[0904/145710.700:WARNING:dns_config_service_win.cc(668)] Failed to read DnsConfig.
[0904/145715.700:WARNING:dns_config_service_win.cc(668)] Failed to read DnsConfig.
[0904/145720.702:WARNING:dns_config_service_win.cc(668)] Failed to read DnsConfig.
[0904/145725.704:WARNING:dns_config_service_win.cc(668)] Failed to read DnsConfig.
[0904/145730.707:WARNING:dns_config_service_win.cc(668)] Failed to read DnsConfig.
[0904/145735.711:WARNING:dns_config_service_win.cc(668)] Failed to read DnsConfig.
[0904/145740.713:WARNING:dns_config_service_win.cc(668)] Failed to read DnsConfig.
[0904/145745.715:WARNING:dns_config_service_win.cc(668)] Failed to read DnsConfig.
[0904/145750.717:WARNING:dns_config_service_win.cc(668)] Failed to read DnsConfig.
[0904/145755.718:WARNING:dns_config_service_win.cc(668)] Failed to read DnsConfig.
[0904/145800.720:WARNING:dns_config_service_win.cc(668)] Failed to read DnsConfig.
[0904/145805.722:WARNING:dns_config_service_win.cc(668)] Failed to read DnsConfig.
[0904/145810.723:WARNING:dns_config_service_win.cc(668)] Failed to read DnsConfig.
[0904/145815.726:WARNING:dns_config_service_win.cc(668)] Failed to read DnsConfig.
[0904/145820.728:WARNING:dns_config_service_win.cc(668)] Failed to read DnsConfig.
[0904/145825.730:WARNING:dns_config_service_win.cc(668)] Failed to read DnsConfig.
[0904/145830.731:WARNING:dns_config_service_win.cc(668)] Failed to read DnsConfig.
[0904/145835.733:WARNING:dns_config_service_win.cc(668)] Failed to read DnsConfig.
[0904/145840.735:WARNING:dns_config_service_win.cc(668)] Failed to read DnsConfig.
[0904/145845.737:WARNING:dns_config_service_win.cc(668)] Failed to read DnsConfig.
[0904/145850.739:WARNING:dns_config_service_win.cc(668)] Failed to read DnsConfig.
[0904/145855.741:WARNING:dns_config_service_win.cc(668)] Failed to read DnsConfig.
[0904/145900.744:WARNING:dns_config_service_win.cc(668)] Failed to read DnsConfig.
[0904/145905.745:WARNING:dns_config_service_win.cc(668)] Failed to read DnsConfig.
[0904/145910.746:WARNING:dns_config_service_win.cc(668)] Failed to read DnsConfig.
[0904/145915.748:WARNING:dns_config_service_win.cc(668)] Failed to read DnsConfig.
[0904/145920.750:WARNING:dns_config_service_win.cc(668)] Failed to read DnsConfig.
[0904/145925.756:WARNING:dns_config_service_win.cc(668)] Failed to read DnsConfig.
[0904/145930.759:WARNING:dns_config_service_win.cc(668)] Failed to read DnsConfig.
[0904/145935.761:WARNING:dns_config_service_win.cc(668)] Failed to read DnsConfig.
[0904/145940.764:WARNING:dns_config_service_win.cc(668)] Failed to read DnsConfig.
[0904/145945.767:WARNING:dns_config_service_win.cc(668)] Failed to read DnsConfig.
[0904/145950.771:WARNING:dns_config_service_win.cc(668)] Failed to read DnsConfig.
[0904/145955.772:WARNING:dns_config_service_win.cc(668)] Failed to read DnsConfig.
[0904/150000.774:WARNING:dns_config_service_win.cc(668)] Failed to read DnsConfig.
[0904/150005.776:WARNING:dns_config_service_win.cc(668)] Failed to read DnsConfig.
[0904/150010.779:WARNING:dns_config_service_win.cc(668)] Failed to read DnsConfig.
[0904/150015.781:WARNING:dns_config_service_win.cc(668)] Failed to read DnsConfig.
[0904/150020.784:WARNING:dns_config_service_win.cc(668)] Failed to read DnsConfig.
[0904/150025.790:WARNING:dns_config_service_win.cc(668)] Failed to read DnsConfig.
[0904/150030.794:WARNING:dns_config_service_win.cc(668)] Failed to read DnsConfig.
[0904/150035.796:WARNING:dns_config_service_win.cc(668)] Failed to read DnsConfig.
[0904/150040.807:WARNING:dns_config_service_win.cc(668)] Failed to read DnsConfig.
[0904/150045.811:WARNING:dns_config_service_win.cc(668)] Failed to read DnsConfig.
[0904/150050.814:WARNING:dns_config_service_win.cc(668)] Failed to read DnsConfig.
[0904/150055.819:WARNING:dns_config_service_win.cc(668)] Failed to read DnsConfig.
[0904/150100.825:WARNING:dns_config_service_win.cc(668)] Failed to read DnsConfig.
[0904/150105.830:WARNING:dns_config_service_win.cc(668)] Failed to read DnsConfig.
[0904/150110.832:WARNING:dns_config_service_win.cc(668)] Failed to read DnsConfig.
[0904/150115.835:WARNING:dns_config_service_win.cc(668)] Failed to read DnsConfig.
[0904/150120.839:WARNING:dns_config_service_win.cc(668)] Failed to read DnsConfig.
[0904/150125.842:WARNING:dns_config_service_win.cc(668)] Failed to read DnsConfig.
[0904/150130.843:WARNING:dns_config_service_win.cc(668)] Failed to read DnsConfig.
[0904/150135.845:WARNING:dns_config_service_win.cc(668)] Failed to read DnsConfig.
[0904/150140.847:WARNING:dns_config_service_win.cc(668)] Failed to read DnsConfig.
[0904/150145.851:WARNING:dns_config_service_win.cc(668)] Failed to read DnsConfig.
[0904/150150.857:WARNING:dns_config_service_win.cc(668)] Failed to read DnsConfig.
[0904/150155.859:WARNING:dns_config_service_win.cc(668)] Failed to read DnsConfig.
[0904/150200.861:WARNING:dns_config_service_win.cc(668)] Failed to read DnsConfig.
[0904/150205.863:WARNING:dns_config_service_win.cc(668)] Failed to read DnsConfig.
[0904/150210.864:WARNING:dns_config_service_win.cc(668)] Failed to read DnsConfig.
[0904/150215.866:WARNING:dns_config_service_win.cc(668)] Failed to read DnsConfig.
[0904/150220.869:WARNING:dns_config_service_win.cc(668)] Failed to read DnsConfig.
[0904/150225.871:WARNING:dns_config_service_win.cc(668)] Failed to read DnsConfig.
[0904/150230.873:WARNING:dns_config_service_win.cc(668)] Failed to read DnsConfig.
[0904/150235.874:WARNING:dns_config_service_win.cc(668)] Failed to read DnsConfig.
[0904/150240.877:WARNING:dns_config_service_win.cc(668)] Failed to read DnsConfig.
[0904/150245.879:WARNING:dns_config_service_win.cc(668)] Failed to read DnsConfig.
[0904/150250.880:WARNING:dns_config_service_win.cc(668)] Failed to read DnsConfig.
[0904/150255.883:WARNING:dns_config_service_win.cc(668)] Failed to read DnsConfig.
[0904/150300.885:WARNING:dns_config_service_win.cc(668)] Failed to read DnsConfig.
[0904/150305.888:WARNING:dns_config_service_win.cc(668)] Failed to read DnsConfig.
[0904/150310.890:WARNING:dns_config_service_win.cc(668)] Failed to read DnsConfig.
[0904/150315.893:WARNING:dns_config_service_win.cc(668)] Failed to read DnsConfig.
[0904/150320.896:WARNING:dns_config_service_win.cc(668)] Failed to read DnsConfig.
[0904/150325.898:WARNING:dns_config_service_win.cc(668)] Failed to read DnsConfig.
[0904/150330.901:WARNING:dns_config_service_win.cc(668)] Failed to read DnsConfig.
[0904/150335.902:WARNING:dns_config_service_win.cc(668)] Failed to read DnsConfig.
[0904/150340.904:WARNING:dns_config_service_win.cc(668)] Failed to read DnsConfig.
[0904/150345.905:WARNING:dns_config_service_win.cc(668)] Failed to read DnsConfig.
[0904/150350.906:WARNING:dns_config_service_win.cc(668)] Failed to read DnsConfig.
[0904/150355.908:WARNING:dns_config_service_win.cc(668)] Failed to read DnsConfig.
[0904/150400.911:WARNING:dns_config_service_win.cc(668)] Failed to read DnsConfig.
[0904/150405.912:WARNING:dns_config_service_win.cc(668)] Failed to read DnsConfig.
[0904/150410.912:WARNING:dns_config_service_win.cc(668)] Failed to read DnsConfig.
[0904/150415.914:WARNING:dns_config_service_win.cc(668)] Failed to read DnsConfig.
[0904/150420.916:WARNING:dns_config_service_win.cc(668)] Failed to read DnsConfig.
[0904/150425.918:WARNING:dns_config_service_win.cc(668)] Failed to read DnsConfig.
[0904/150430.920:WARNING:dns_config_service_win.cc(668)] Failed to read DnsConfig.
[0904/150435.922:WARNING:dns_config_service_win.cc(668)] Failed to read DnsConfig.
[0904/150440.923:WARNING:dns_config_service_win.cc(668)] Failed to read DnsConfig.
[0904/150445.925:WARNING:dns_config_service_win.cc(668)] Failed to read DnsConfig.
[0904/150450.931:WARNING:dns_config_service_win.cc(668)] Failed to read DnsConfig.
[0904/150455.934:WARNING:dns_config_service_win.cc(668)] Failed to read DnsConfig.
[0904/150500.937:WARNING:dns_config_service_win.cc(668)] Failed to read DnsConfig.
[0904/150505.939:WARNING:dns_config_service_win.cc(668)] Failed to read DnsConfig.
[0904/150510.942:WARNING:dns_config_service_win.cc(668)] Failed to read DnsConfig.
[0904/150515.946:WARNING:dns_config_service_win.cc(668)] Failed to read DnsConfig.
[0904/150520.948:WARNING:dns_config_service_win.cc(668)] Failed to read DnsConfig.
[0904/150525.951:WARNING:dns_config_service_win.cc(668)] Failed to read DnsConfig.
[0904/150530.955:WARNING:dns_config_service_win.cc(668)] Failed to read DnsConfig.
[0904/150535.958:WARNING:dns_config_service_win.cc(668)] Failed to read DnsConfig.
[0904/150540.964:WARNING:dns_config_service_win.cc(668)] Failed to read DnsConfig.
[0904/150545.970:WARNING:dns_config_service_win.cc(668)] Failed to read DnsConfig.
[0904/150550.974:WARNING:dns_config_service_win.cc(668)] Failed to read DnsConfig.
[0904/150555.975:WARNING:dns_config_service_win.cc(668)] Failed to read DnsConfig.
[0904/150600.980:WARNING:dns_config_service_win.cc(668)] Failed to read DnsConfig.
[0904/150605.985:WARNING:dns_config_service_win.cc(668)] Failed to read DnsConfig.
[0904/150610.989:WARNING:dns_config_service_win.cc(668)] Failed to read DnsConfig.
[0904/150615.992:WARNING:dns_config_service_win.cc(668)] Failed to read DnsConfig.
[0904/150620.997:WARNING:dns_config_service_win.cc(668)] Failed to read DnsConfig.
[0904/150626.001:WARNING:dns_config_service_win.cc(668)] Failed to read DnsConfig.
[0904/150631.002:WARNING:dns_config_service_win.cc(668)] Failed to read DnsConfig.
[0904/150636.003:WARNING:dns_config_service_win.cc(668)] Failed to read DnsConfig.
[0904/150641.010:WARNING:dns_config_service_win.cc(668)] Failed to read DnsConfig.
[0904/150646.016:WARNING:dns_config_service_win.cc(668)] Failed to read DnsConfig.
[0904/150651.019:WARNING:dns_config_service_win.cc(668)] Failed to read DnsConfig.
[0904/150656.020:WARNING:dns_config_service_win.cc(668)] Failed to read DnsConfig.
[0904/150701.026:WARNING:dns_config_service_win.cc(668)] Failed to read DnsConfig.
[0904/150706.028:WARNING:dns_config_service_win.cc(668)] Failed to read DnsConfig.
[0904/150711.032:WARNING:dns_config_service_win.cc(668)] Failed to read DnsConfig.
[0904/150716.033:WARNING:dns_config_service_win.cc(668)] Failed to read DnsConfig.
[0904/150721.038:WARNING:dns_config_service_win.cc(668)] Failed to read DnsConfig.
[0904/150726.041:WARNING:dns_config_service_win.cc(668)] Failed to read DnsConfig.
[0904/150731.042:WARNING:dns_config_service_win.cc(668)] Failed to read DnsConfig.
[0904/150736.043:WARNING:dns_config_service_win.cc(668)] Failed to read DnsConfig.
[0904/150741.047:WARNING:dns_config_service_win.cc(668)] Failed to read DnsConfig.
[0904/150746.048:WARNING:dns_config_service_win.cc(668)] Failed to read DnsConfig.
[0904/150751.050:WARNING:dns_config_service_win.cc(668)] Failed to read DnsConfig.
[0904/150756.056:WARNING:dns_config_service_win.cc(668)] Failed to read DnsConfig.
[0904/150801.063:WARNING:dns_config_service_win.cc(668)] Failed to read DnsConfig.
[0904/150806.066:WARNING:dns_config_service_win.cc(668)] Failed to read DnsConfig.
[0904/150811.070:WARNING:dns_config_service_win.cc(668)] Failed to read DnsConfig.
[0904/150816.071:WARNING:dns_config_service_win.cc(668)] Failed to read DnsConfig.
[0904/150821.072:WARNING:dns_config_service_win.cc(668)] Failed to read DnsConfig.
[0904/150826.074:WARNING:dns_config_service_win.cc(668)] Failed to read DnsConfig.
[0904/150831.076:WARNING:dns_config_service_win.cc(668)] Failed to read DnsConfig.
[0904/150836.076:WARNING:dns_config_service_win.cc(668)] Failed to read DnsConfig.
[0904/150841.090:WARNING:dns_config_service_win.cc(668)] Failed to read DnsConfig.
[0904/150846.093:WARNING:dns_config_service_win.cc(668)] Failed to read DnsConfig.
[0904/150851.095:WARNING:dns_config_service_win.cc(668)] Failed to read DnsConfig.
[0904/150856.097:WARNING:dns_config_service_win.cc(668)] Failed to read DnsConfig.
[0904/150901.100:WARNING:dns_config_service_win.cc(668)] Failed to read DnsConfig.
[0904/150906.104:WARNING:dns_config_service_win.cc(668)] Failed to read DnsConfig.
[0904/150911.105:WARNING:dns_config_service_win.cc(668)] Failed to read DnsConfig.
[0904/150916.107:WARNING:dns_config_service_win.cc(668)] Failed to read DnsConfig.
[0904/150921.112:WARNING:dns_config_service_win.cc(668)] Failed to read DnsConfig.
[0904/150926.114:WARNING:dns_config_service_win.cc(668)] Failed to read DnsConfig.
[0904/150931.116:WARNING:dns_config_service_win.cc(668)] Failed to read DnsConfig.
[0904/150936.117:WARNING:dns_config_service_win.cc(668)] Failed to read DnsConfig.
[0904/150941.119:WARNING:dns_config_service_win.cc(668)] Failed to read DnsConfig.
[0904/150946.120:WARNING:dns_config_service_win.cc(668)] Failed to read DnsConfig.
[0904/150951.122:WARNING:dns_config_service_win.cc(668)] Failed to read DnsConfig.
[0904/150956.123:WARNING:dns_config_service_win.cc(668)] Failed to read DnsConfig.
[0904/151001.125:WARNING:dns_config_service_win.cc(668)] Failed to read DnsConfig.
[0904/151006.128:WARNING:dns_config_service_win.cc(668)] Failed to read DnsConfig.
[0904/151011.130:WARNING:dns_config_service_win.cc(668)] Failed to read DnsConfig.
[0904/151016.132:WARNING:dns_config_service_win.cc(668)] Failed to read DnsConfig.
[0904/151021.134:WARNING:dns_config_service_win.cc(668)] Failed to read DnsConfig.
[0904/151026.135:WARNING:dns_config_service_win.cc(668)] Failed to read DnsConfig.
[0904/151031.141:WARNING:dns_config_service_win.cc(668)] Failed to read DnsConfig.
[0904/151036.144:WARNING:dns_config_service_win.cc(668)] Failed to read DnsConfig.
[0904/151041.156:WARNING:dns_config_service_win.cc(668)] Failed to read DnsConfig.
[0904/151046.160:WARNING:dns_config_service_win.cc(668)] Failed to read DnsConfig.
[0904/151051.166:WARNING:dns_config_service_win.cc(668)] Failed to read DnsConfig.
[0904/151056.172:WARNING:dns_config_service_win.cc(668)] Failed to read DnsConfig.
[0904/151101.176:WARNING:dns_config_service_win.cc(668)] Failed to read DnsConfig.
[0904/151106.177:WARNING:dns_config_service_win.cc(668)] Failed to read DnsConfig.
[0904/151111.181:WARNING:dns_config_service_win.cc(668)] Failed to read DnsConfig.
[0904/151116.184:WARNING:dns_config_service_win.cc(668)] Failed to read DnsConfig.
[0904/151121.186:WARNING:dns_config_service_win.cc(668)] Failed to read DnsConfig.
[0904/151126.188:WARNING:dns_config_service_win.cc(668)] Failed to read DnsConfig.
[0904/151131.194:WARNING:dns_config_service_win.cc(668)] Failed to read DnsConfig.
[0904/151136.200:WARNING:dns_config_service_win.cc(668)] Failed to read DnsConfig.
[0904/151141.204:WARNING:dns_config_service_win.cc(668)] Failed to read DnsConfig.
[0904/151146.210:WARNING:dns_config_service_win.cc(668)] Failed to read DnsConfig.
[0904/151151.215:WARNING:dns_config_service_win.cc(668)] Failed to read DnsConfig.
[0904/151156.221:WARNING:dns_config_service_win.cc(668)] Failed to read DnsConfig.
[0904/151201.225:WARNING:dns_config_service_win.cc(668)] Failed to read DnsConfig.
[0904/151206.227:WARNING:dns_config_service_win.cc(668)] Failed to read DnsConfig.
[0904/151211.230:WARNING:dns_config_service_win.cc(668)] Failed to read DnsConfig.
[0904/151216.232:WARNING:dns_config_service_win.cc(668)] Failed to read DnsConfig.
[0904/151221.235:WARNING:dns_config_service_win.cc(668)] Failed to read DnsConfig.
[0904/151226.236:WARNING:dns_config_service_win.cc(668)] Failed to read DnsConfig.
[0904/151231.238:WARNING:dns_config_service_win.cc(668)] Failed to read DnsConfig.
[0904/151236.241:WARNING:dns_config_service_win.cc(668)] Failed to read DnsConfig.
[0904/151241.245:WARNING:dns_config_service_win.cc(668)] Failed to read DnsConfig.
[0904/151246.248:WARNING:dns_config_service_win.cc(668)] Failed to read DnsConfig.
[0904/151251.250:WARNING:dns_config_service_win.cc(668)] Failed to read DnsConfig.
[0904/151256.253:WARNING:dns_config_service_win.cc(668)] Failed to read DnsConfig.
[0904/151301.255:WARNING:dns_config_service_win.cc(668)] Failed to read DnsConfig.
[0904/151306.257:WARNING:dns_config_service_win.cc(668)] Failed to read DnsConfig.
[0904/151311.258:WARNING:dns_config_service_win.cc(668)] Failed to read DnsConfig.
[0904/151316.261:WARNING:dns_config_service_win.cc(668)] Failed to read DnsConfig.
[0904/151321.266:WARNING:dns_config_service_win.cc(668)] Failed to read DnsConfig.
[0904/151326.268:WARNING:dns_config_service_win.cc(668)] Failed to read DnsConfig.
[0904/151331.271:WARNING:dns_config_service_win.cc(668)] Failed to read DnsConfig.
[0904/151336.275:WARNING:dns_config_service_win.cc(668)] Failed to read DnsConfig.
[0904/151341.277:WARNING:dns_config_service_win.cc(668)] Failed to read DnsConfig.
[0904/151346.282:WARNING:dns_config_service_win.cc(668)] Failed to read DnsConfig.
[0904/151351.283:WARNING:dns_config_service_win.cc(668)] Failed to read DnsConfig.
[0904/151356.284:WARNING:dns_config_service_win.cc(668)] Failed to read DnsConfig.
[0904/151401.286:WARNING:dns_config_service_win.cc(668)] Failed to read DnsConfig.
[0904/151406.287:WARNING:dns_config_service_win.cc(668)] Failed to read DnsConfig.
[0904/151411.287:WARNING:dns_config_service_win.cc(668)] Failed to read DnsConfig.
[0904/151416.289:WARNING:dns_config_service_win.cc(668)] Failed to read DnsConfig.
[0904/151421.291:WARNING:dns_config_service_win.cc(668)] Failed to read DnsConfig.
[0904/151426.293:WARNING:dns_config_service_win.cc(668)] Failed to read DnsConfig.
[0904/151431.295:WARNING:dns_config_service_win.cc(668)] Failed to read DnsConfig.
[0904/151436.296:WARNING:dns_config_service_win.cc(668)] Failed to read DnsConfig.
[0904/151441.298:WARNING:dns_config_service_win.cc(668)] Failed to read DnsConfig.
[0904/151446.299:WARNING:dns_config_service_win.cc(668)] Failed to read DnsConfig.
[0904/151451.302:WARNING:dns_config_service_win.cc(668)] Failed to read DnsConfig.
[0904/151456.307:WARNING:dns_config_service_win.cc(668)] Failed to read DnsConfig.
[0904/151501.311:WARNING:dns_config_service_win.cc(668)] Failed to read DnsConfig.
[0904/151506.315:WARNING:dns_config_service_win.cc(668)] Failed to read DnsConfig.
[0904/151511.320:WARNING:dns_config_service_win.cc(668)] Failed to read DnsConfig.
[0904/151516.323:WARNING:dns_config_service_win.cc(668)] Failed to read DnsConfig.
[0904/151521.325:WARNING:dns_config_service_win.cc(668)] Failed to read DnsConfig.
[0904/151526.327:WARNING:dns_config_service_win.cc(668)] Failed to read DnsConfig.
[0904/151531.330:WARNING:dns_config_service_win.cc(668)] Failed to read DnsConfig.
[0904/151536.333:WARNING:dns_config_service_win.cc(668)] Failed to read DnsConfig.
[0904/151541.334:WARNING:dns_config_service_win.cc(668)] Failed to read DnsConfig.
[0904/151546.336:WARNING:dns_config_service_win.cc(668)] Failed to read DnsConfig.
[0904/151551.338:WARNING:dns_config_service_win.cc(668)] Failed to read DnsConfig.
[0904/151556.340:WARNING:dns_config_service_win.cc(668)] Failed to read DnsConfig.
[0904/151601.343:WARNING:dns_config_service_win.cc(668)] Failed to read DnsConfig.
[0904/151606.348:WARNING:dns_config_service_win.cc(668)] Failed to read DnsConfig.
[0904/151611.349:WARNING:dns_config_service_win.cc(668)] Failed to read DnsConfig.
[0904/151616.353:WARNING:dns_config_service_win.cc(668)] Failed to read DnsConfig.
[0904/151621.355:WARNING:dns_config_service_win.cc(668)] Failed to read DnsConfig.
[0904/151626.360:WARNING:dns_config_service_win.cc(668)] Failed to read DnsConfig.
[0904/151631.365:WARNING:dns_config_service_win.cc(668)] Failed to read DnsConfig.
[0904/151636.366:WARNING:dns_config_service_win.cc(668)] Failed to read DnsConfig.
[0904/151641.371:WARNING:dns_config_service_win.cc(668)] Failed to read DnsConfig.
[0904/151646.374:WARNING:dns_config_service_win.cc(668)] Failed to read DnsConfig.
[0904/151651.377:WARNING:dns_config_service_win.cc(668)] Failed to read DnsConfig.
[0904/154848.309:WARNING:dns_config_service_win.cc(668)] Failed to read DnsConfig.
[0904/154853.310:WARNING:dns_config_service_win.cc(668)] Failed to read DnsConfig.
[0904/154858.312:WARNING:dns_config_service_win.cc(668)] Failed to read DnsConfig.
[0904/154903.317:WARNING:dns_config_service_win.cc(668)] Failed to read DnsConfig.
[0904/154908.320:WARNING:dns_config_service_win.cc(668)] Failed to read DnsConfig.
[0904/154913.328:WARNING:dns_config_service_win.cc(668)] Failed to read DnsConfig.
[0904/154918.331:WARNING:dns_config_service_win.cc(668)] Failed to read DnsConfig.
[0904/154923.337:WARNING:dns_config_service_win.cc(668)] Failed to read DnsConfig.
[0904/160930.638:WARNING:dns_config_service_win.cc(668)] Failed to read DnsConfig.
[0904/160935.643:WARNING:dns_config_service_win.cc(668)] Failed to read DnsConfig.
[0904/160940.645:WARNING:dns_config_service_win.cc(668)] Failed to read DnsConfig.
[0904/160945.649:WARNING:dns_config_service_win.cc(668)] Failed to read DnsConfig.
[0904/160950.655:WARNING:dns_config_service_win.cc(668)] Failed to read DnsConfig.
[0904/160955.661:WARNING:dns_config_service_win.cc(668)] Failed to read DnsConfig.
[0904/161000.664:WARNING:dns_config_service_win.cc(668)] Failed to read DnsConfig.
[0904/161005.669:WARNING:dns_config_service_win.cc(668)] Failed to read DnsConfig.
[0904/161010.673:WARNING:dns_config_service_win.cc(668)] Failed to read DnsConfig.
[0904/161015.677:WARNING:dns_config_service_win.cc(668)] Failed to read DnsConfig.
[0904/161020.678:WARNING:dns_config_service_win.cc(668)] Failed to read DnsConfig.
[0904/161025.681:WARNING:dns_config_service_win.cc(668)] Failed to read DnsConfig.
[0904/161030.685:WARNING:dns_config_service_win.cc(668)] Failed to read DnsConfig.
[0904/161035.687:WARNING:dns_config_service_win.cc(668)] Failed to read DnsConfig.
[0904/161040.692:WARNING:dns_config_service_win.cc(668)] Failed to read DnsConfig.
[0904/161045.694:WARNING:dns_config_service_win.cc(668)] Failed to read DnsConfig.
[0904/161050.702:WARNING:dns_config_service_win.cc(668)] Failed to read DnsConfig.
[0904/161055.705:WARNING:dns_config_service_win.cc(668)] Failed to read DnsConfig.
[0904/161100.709:WARNING:dns_config_service_win.cc(668)] Failed to read DnsConfig.
[0904/161105.715:WARNING:dns_config_service_win.cc(668)] Failed to read DnsConfig.
[0904/161110.720:WARNING:dns_config_service_win.cc(668)] Failed to read DnsConfig.
[0904/161115.722:WARNING:dns_config_service_win.cc(668)] Failed to read DnsConfig.
[0904/161120.725:WARNING:dns_config_service_win.cc(668)] Failed to read DnsConfig.
[0904/161125.730:WARNING:dns_config_service_win.cc(668)] Failed to read DnsConfig.
[0904/161130.733:WARNING:dns_config_service_win.cc(668)] Failed to read DnsConfig.
[0904/161135.735:WARNING:dns_config_service_win.cc(668)] Failed to read DnsConfig.
[0904/161140.741:WARNING:dns_config_service_win.cc(668)] Failed to read DnsConfig.
[0904/161145.743:WARNING:dns_config_service_win.cc(668)] Failed to read DnsConfig.
[0904/161150.745:WARNING:dns_config_service_win.cc(668)] Failed to read DnsConfig.
[0904/161155.752:WARNING:dns_config_service_win.cc(668)] Failed to read DnsConfig.
[0904/161200.758:WARNING:dns_config_service_win.cc(668)] Failed to read DnsConfig.
[0904/161205.762:WARNING:dns_config_service_win.cc(668)] Failed to read DnsConfig.
[0904/161210.767:WARNING:dns_config_service_win.cc(668)] Failed to read DnsConfig.
[0904/161215.772:WARNING:dns_config_service_win.cc(668)] Failed to read DnsConfig.
[0904/161220.776:WARNING:dns_config_service_win.cc(668)] Failed to read DnsConfig.
[0904/161225.781:WARNING:dns_config_service_win.cc(668)] Failed to read DnsConfig.
[0904/161230.787:WARNING:dns_config_service_win.cc(668)] Failed to read DnsConfig.
[0904/161235.792:WARNING:dns_config_service_win.cc(668)] Failed to read DnsConfig.
[0904/161240.794:WARNING:dns_config_service_win.cc(668)] Failed to read DnsConfig.
[0904/161245.800:WARNING:dns_config_service_win.cc(668)] Failed to read DnsConfig.
[0904/161250.803:WARNING:dns_config_service_win.cc(668)] Failed to read DnsConfig.
[0904/161255.808:WARNING:dns_config_service_win.cc(668)] Failed to read DnsConfig.
[0904/161300.812:WARNING:dns_config_service_win.cc(668)] Failed to read DnsConfig.
[0904/161305.818:WARNING:dns_config_service_win.cc(668)] Failed to read DnsConfig.
[0904/161310.822:WARNING:dns_config_service_win.cc(668)] Failed to read DnsConfig.
[0904/161315.830:WARNING:dns_config_service_win.cc(668)] Failed to read DnsConfig.
[0904/161320.832:WARNING:dns_config_service_win.cc(668)] Failed to read DnsConfig.
[0904/161325.837:WARNING:dns_config_service_win.cc(668)] Failed to read DnsConfig.
[0904/161330.839:WARNING:dns_config_service_win.cc(668)] Failed to read DnsConfig.
[0904/161335.845:WARNING:dns_config_service_win.cc(668)] Failed to read DnsConfig.
[0904/161340.849:WARNING:dns_config_service_win.cc(668)] Failed to read DnsConfig.
[0904/161345.854:WARNING:dns_config_service_win.cc(668)] Failed to read DnsConfig.
[0904/161350.858:WARNING:dns_config_service_win.cc(668)] Failed to read DnsConfig.
[0904/161355.864:WARNING:dns_config_service_win.cc(668)] Failed to read DnsConfig.
[0904/161400.868:WARNING:dns_config_service_win.cc(668)] Failed to read DnsConfig.
[0904/161405.870:WARNING:dns_config_service_win.cc(668)] Failed to read DnsConfig.
[0904/161410.872:WARNING:dns_config_service_win.cc(668)] Failed to read DnsConfig.
[0904/161415.878:WARNING:dns_config_service_win.cc(668)] Failed to read DnsConfig.
[0904/161420.884:WARNING:dns_config_service_win.cc(668)] Failed to read DnsConfig.
[0904/161425.890:WARNING:dns_config_service_win.cc(668)] Failed to read DnsConfig.
[0904/161430.892:WARNING:dns_config_service_win.cc(668)] Failed to read DnsConfig.
[0904/161435.896:WARNING:dns_config_service_win.cc(668)] Failed to read DnsConfig.
[0904/161440.899:WARNING:dns_config_service_win.cc(668)] Failed to read DnsConfig.
[0904/161445.904:WARNING:dns_config_service_win.cc(668)] Failed to read DnsConfig.
[0904/161450.905:WARNING:dns_config_service_win.cc(668)] Failed to read DnsConfig.
[0904/161455.915:WARNING:dns_config_service_win.cc(668)] Failed to read DnsConfig.
[0904/161500.917:WARNING:dns_config_service_win.cc(668)] Failed to read DnsConfig.
[0904/161505.922:WARNING:dns_config_service_win.cc(668)] Failed to read DnsConfig.
[0904/161510.926:WARNING:dns_config_service_win.cc(668)] Failed to read DnsConfig.
[0904/161515.931:WARNING:dns_config_service_win.cc(668)] Failed to read DnsConfig.
[0904/161520.934:WARNING:dns_config_service_win.cc(668)] Failed to read DnsConfig.
[0904/161525.944:WARNING:dns_config_service_win.cc(668)] Failed to read DnsConfig.
[0904/161530.949:WARNING:dns_config_service_win.cc(668)] Failed to read DnsConfig.
[0904/161535.950:WARNING:dns_config_service_win.cc(668)] Failed to read DnsConfig.
[0904/161540.951:WARNING:dns_config_service_win.cc(668)] Failed to read DnsConfig.
[0904/161545.954:WARNING:dns_config_service_win.cc(668)] Failed to read DnsConfig.
[0904/161550.957:WARNING:dns_config_service_win.cc(668)] Failed to read DnsConfig.
[0904/161555.961:WARNING:dns_config_service_win.cc(668)] Failed to read DnsConfig.
[0904/161600.962:WARNING:dns_config_service_win.cc(668)] Failed to read DnsConfig.
[0904/161605.969:WARNING:dns_config_service_win.cc(668)] Failed to read DnsConfig.
[0904/161610.973:WARNING:dns_config_service_win.cc(668)] Failed to read DnsConfig.
[0904/161615.978:WARNING:dns_config_service_win.cc(668)] Failed to read DnsConfig.
[0904/161620.980:WARNING:dns_config_service_win.cc(668)] Failed to read DnsConfig.
[0904/161625.991:WARNING:dns_config_service_win.cc(668)] Failed to read DnsConfig.
[0904/161630.993:WARNING:dns_config_service_win.cc(668)] Failed to read DnsConfig.
[0904/161635.999:WARNING:dns_config_service_win.cc(668)] Failed to read DnsConfig.
[0904/161641.001:WARNING:dns_config_service_win.cc(668)] Failed to read DnsConfig.
[0904/161646.002:WARNING:dns_config_service_win.cc(668)] Failed to read DnsConfig.
[0904/161651.008:WARNING:dns_config_service_win.cc(668)] Failed to read DnsConfig.
[0904/161656.019:WARNING:dns_config_service_win.cc(668)] Failed to read DnsConfig.
[0904/161701.027:WARNING:dns_config_service_win.cc(668)] Failed to read DnsConfig.
[0904/161706.032:WARNING:dns_config_service_win.cc(668)] Failed to read DnsConfig.
[0904/161711.033:WARNING:dns_config_service_win.cc(668)] Failed to read DnsConfig.
[0904/161716.039:WARNING:dns_config_service_win.cc(668)] Failed to read DnsConfig.
[0904/161721.042:WARNING:dns_config_service_win.cc(668)] Failed to read DnsConfig.
[0904/161726.047:WARNING:dns_config_service_win.cc(668)] Failed to read DnsConfig.
[0904/161731.050:WARNING:dns_config_service_win.cc(668)] Failed to read DnsConfig.
[0904/161736.055:WARNING:dns_config_service_win.cc(668)] Failed to read DnsConfig.
[0904/161741.057:WARNING:dns_config_service_win.cc(668)] Failed to read DnsConfig.
[0904/161746.061:WARNING:dns_config_service_win.cc(668)] Failed to read DnsConfig.
[0904/161751.063:WARNING:dns_config_service_win.cc(668)] Failed to read DnsConfig.
[0904/161756.069:WARNING:dns_config_service_win.cc(668)] Failed to read DnsConfig.
[0904/161801.074:WARNING:dns_config_service_win.cc(668)] Failed to read DnsConfig.
[0904/161806.079:WARNING:dns_config_service_win.cc(668)] Failed to read DnsConfig.
[0904/161811.081:WARNING:dns_config_service_win.cc(668)] Failed to read DnsConfig.
[0904/161816.094:WARNING:dns_config_service_win.cc(668)] Failed to read DnsConfig.
[0904/161821.100:WARNING:dns_config_service_win.cc(668)] Failed to read DnsConfig.
[0904/161826.105:WARNING:dns_config_service_win.cc(668)] Failed to read DnsConfig.
[0904/161831.113:WARNING:dns_config_service_win.cc(668)] Failed to read DnsConfig.
[0904/161836.117:WARNING:dns_config_service_win.cc(668)] Failed to read DnsConfig.
[0904/161841.122:WARNING:dns_config_service_win.cc(668)] Failed to read DnsConfig.
[0904/161846.128:WARNING:dns_config_service_win.cc(668)] Failed to read DnsConfig.
[0904/161851.135:WARNING:dns_config_service_win.cc(668)] Failed to read DnsConfig.
[0904/161856.140:WARNING:dns_config_service_win.cc(668)] Failed to read DnsConfig.
[0904/161901.146:WARNING:dns_config_service_win.cc(668)] Failed to read DnsConfig.
[0904/161906.149:WARNING:dns_config_service_win.cc(668)] Failed to read DnsConfig.
[0904/161911.153:WARNING:dns_config_service_win.cc(668)] Failed to read DnsConfig.
[0904/161916.156:WARNING:dns_config_service_win.cc(668)] Failed to read DnsConfig.
[0904/161921.161:WARNING:dns_config_service_win.cc(668)] Failed to read DnsConfig.
[0904/161926.167:WARNING:dns_config_service_win.cc(668)] Failed to read DnsConfig.
[0904/161931.171:WARNING:dns_config_service_win.cc(668)] Failed to read DnsConfig.
[0904/161936.175:WARNING:dns_config_service_win.cc(668)] Failed to read DnsConfig.
[0904/161941.181:WARNING:dns_config_service_win.cc(668)] Failed to read DnsConfig.
[0904/161946.186:WARNING:dns_config_service_win.cc(668)] Failed to read DnsConfig.
[0904/161951.191:WARNING:dns_config_service_win.cc(668)] Failed to read DnsConfig.
[0904/161956.195:WARNING:dns_config_service_win.cc(668)] Failed to read DnsConfig.
[0904/162001.201:WARNING:dns_config_service_win.cc(668)] Failed to read DnsConfig.
[0904/162006.206:WARNING:dns_config_service_win.cc(668)] Failed to read DnsConfig.
[0904/162011.211:WARNING:dns_config_service_win.cc(668)] Failed to read DnsConfig.
[0904/162016.216:WARNING:dns_config_service_win.cc(668)] Failed to read DnsConfig.
[0904/162021.222:WARNING:dns_config_service_win.cc(668)] Failed to read DnsConfig.
[0904/162026.224:WARNING:dns_config_service_win.cc(668)] Failed to read DnsConfig.
[0904/162031.229:WARNING:dns_config_service_win.cc(668)] Failed to read DnsConfig.
[0904/162036.233:WARNING:dns_config_service_win.cc(668)] Failed to read DnsConfig.
[0904/162041.234:WARNING:dns_config_service_win.cc(668)] Failed to read DnsConfig.
[0904/162046.239:WARNING:dns_config_service_win.cc(668)] Failed to read DnsConfig.
[0904/162051.241:WARNING:dns_config_service_win.cc(668)] Failed to read DnsConfig.
[0904/162056.244:WARNING:dns_config_service_win.cc(668)] Failed to read DnsConfig.
[0904/162101.245:WARNING:dns_config_service_win.cc(668)] Failed to read DnsConfig.
[0904/162106.247:WARNING:dns_config_service_win.cc(668)] Failed to read DnsConfig.
[0904/162111.249:WARNING:dns_config_service_win.cc(668)] Failed to read DnsConfig.
[0904/162116.250:WARNING:dns_config_service_win.cc(668)] Failed to read DnsConfig.
[0904/162121.253:WARNING:dns_config_service_win.cc(668)] Failed to read DnsConfig.
[0904/162126.255:WARNING:dns_config_service_win.cc(668)] Failed to read DnsConfig.
[0904/162131.259:WARNING:dns_config_service_win.cc(668)] Failed to read DnsConfig.
[0904/162136.262:WARNING:dns_config_service_win.cc(668)] Failed to read DnsConfig.
[0904/162141.265:WARNING:dns_config_service_win.cc(668)] Failed to read DnsConfig.
[0904/162146.267:WARNING:dns_config_service_win.cc(668)] Failed to read DnsConfig.
[0904/162147.881:WARNING:dns_config_service_win.cc(668)] Failed to read DnsConfig.
